<?xml version="1.0" encoding="UTF-8"?>
<testsuite xmlns:xsi="http://www.w3.org/2001/XMLSchema-instance" xsi:noNamespaceSchemaLocation="https://maven.apache.org/surefire/maven-surefire-plugin/xsd/surefire-test-report-3.0.xsd" version="3.0" name="Checking placement buttons reset and greed settings" time="0.233" tests="1" errors="1" skipped="0" failures="0">
  <properties>
[...]
</properties>
  <testcase name="Grid Settings should be on the right side of the Reset button" classname="Checking placement buttons reset and greed settings" time="0.233">
    <error message="The step &apos;User on the home page&apos; and 4 other step(s) are undefined.&#10;You can implement these steps using the snippet(s) below:&#10;&#10;@Given(&quot;User on the home page&quot;)&#10;public void user_on_the_home_page() {&#10;    // Write code here that turns the phrase above into concrete actions&#10;    throw new io.cucumber.java.PendingException();&#10;}&#10;@When(&quot;I hover over to {string} module&quot;)&#10;public void i_hover_over_to_module(String string) {&#10;    // Write code here that turns the phrase above into concrete actions&#10;    throw new io.cucumber.java.PendingException();&#10;}&#10;@When(&quot;I click {string} option&quot;)&#10;public void i_click_option(String string) {&#10;    // Write code here that turns the phrase above into concrete actions&#10;    throw new io.cucumber.java.PendingException();&#10;}&#10;@Then(&quot;I should see {string} page title&quot;)&#10;public void i_should_see_page_title(String string) {&#10;    // Write code here that turns the phrase above into concrete actions&#10;    throw new io.cucumber.java.PendingException();&#10;}&#10;@Then(&quot;{string} button on the right side of {string}&quot;)&#10;public void button_on_the_right_side_of(String string, String string2) {&#10;    // Write code here that turns the phrase above into concrete actions&#10;    throw new io.cucumber.java.PendingException();&#10;}&#10;" type="io.cucumber.junit.UndefinedStepException"><![CDATA[io.cucumber.junit.UndefinedStepException: 
The step 'User on the home page' and 4 other step(s) are undefined.
You can implement these steps using the snippet(s) below:

@Given("User on the home page")
public void user_on_the_home_page() {
    // Write code here that turns the phrase above into concrete actions
    throw new io.cucumber.java.PendingException();
}
@When("I hover over to {string} module")
public void i_hover_over_to_module(String string) {
    // Write code here that turns the phrase above into concrete actions
    throw new io.cucumber.java.PendingException();
}
@When("I click {string} option")
public void i_click_option(String string) {
    // Write code here that turns the phrase above into concrete actions
    throw new io.cucumber.java.PendingException();
}
@Then("I should see {string} page title")
public void i_should_see_page_title(String string) {
    // Write code here that turns the phrase above into concrete actions
    throw new io.cucumber.java.PendingException();
}
@Then("{string} button on the right side of {string}")
public void button_on_the_right_side_of(String string, String string2) {
    // Write code here that turns the phrase above into concrete actions
    throw new io.cucumber.java.PendingException();
}

]]></error>
  </testcase>
</testsuite>